============================================================
EPISODIO : M12_E_Seguridad_IA
GUION    : C:\Users\Asus\maquinaria_pesada\Guiones\M12_Seguridad_IA.txt
COMANDO  : C:\Users\Asus\AppData\Local\Programs\Python\Python312\python.exe C:\Users\Asus\maquinaria_pesada\generar_episodio_v2.py --guion Guiones\M12_Seguridad_IA.txt --ep M12_E_Seguridad_IA
INICIO   : 2026-05-10 23:56:16
FIN      : 2026-05-10 23:56:18
EXIT     : 1 (FALLO)
============================================================

--- STDOUT ---

Leyendo guion: Guiones\M12_Seguridad_IA.txt
[WARN] Problemas de calidad detectados en el guion (no fatales):
  - [WARN] El aviso de IA no contiene ninguna frase de enganche recomendada.
  - [WARN] El guion tiene 3158 palabras (maximo recomendado: 2800).
  - [WARN] Bloque 8 (BLOQUE_PANORAMA) tiene solo 2 frase(s) (minimo: 4).
  - [WARN] Bloque 10 (BLOQUE_PANORAMA) tiene solo 3 frase(s) (minimo: 4).
  - [WARN] Bloque 12 (BLOQUE_PANORAMA) tiene solo 2 frase(s) (minimo: 4).
  - [WARN] Bloque 14 (BLOQUE_PANORAMA) tiene solo 3 frase(s) (minimo: 4).
  - [WARN] Bloque 16 (BLOQUE_TEMAS_CLAVE) tiene solo 3 frase(s) (minimo: 4).
  - [WARN] Bloque 18 (BLOQUE_TEMAS_CLAVE) tiene solo 3 frase(s) (minimo: 4).
  - [WARN] Bloque 20 (BLOQUE_TEMAS_CLAVE) tiene solo 2 frase(s) (minimo: 4).
  - [WARN] Bloque 22 (BLOQUE_TEMAS_CLAVE) tiene solo 2 frase(s) (minimo: 4).
  - [WARN] Bloque 23 (BLOQUE_TEMAS_CLAVE) tiene 11 frases (maximo: 10).
  - [WARN] Bloque 24 (BLOQUE_TEMAS_CLAVE) tiene solo 3 frase(s) (minimo: 4).
  - [WARN] Bloque 26 (BLOQUE_TEMAS_CLAVE) tiene solo 2 frase(s) (minimo: 4).
  - [WARN] Bloque 28 (BLOQUE_TEMAS_CLAVE) tiene solo 2 frase(s) (minimo: 4).
  - [WARN] Bloque 30 (BLOQUE_TEMAS_CLAVE) tiene solo 3 frase(s) (minimo: 4).
  - [WARN] Bloque 32 (BLOQUE_TEMAS_CLAVE) tiene solo 2 frase(s) (minimo: 4).
  - [WARN] Bloque 34 (BLOQUE_TEMAS_CLAVE) tiene solo 3 frase(s) (minimo: 4).
  - [WARN] Bloque 36 (BLOQUE_TEMAS_CLAVE) tiene solo 2 frase(s) (minimo: 4).
  - [WARN] Bloque 41 (BLOQUE_LIMITES) tiene solo 2 frase(s) (minimo: 4).
  - [WARN] Bloque 43 (BLOQUE_LIMITES) tiene solo 2 frase(s) (minimo: 4).
  - [WARN] Bloque 46 (BLOQUE_LIMITES) tiene solo 3 frase(s) (minimo: 4).
  - [WARN] Bloque 49 (APLICACION_PRACTICA) tiene solo 3 frase(s) (minimo: 4).
  - [WARN] Bloque 50 (APLICACION_PRACTICA) tiene 11 frases (maximo: 10).
  - [WARN] Bloque 51 (APLICACION_PRACTICA) tiene solo 2 frase(s) (minimo: 4).
  - [WARN] Bloque 53 (APLICACION_PRACTICA) tiene solo 3 frase(s) (minimo: 4).
  - [WARN] Bloque 55 (APLICACION_PRACTICA) tiene solo 2 frase(s) (minimo: 4).
  - [WARN] Bloque 57 (APLICACION_PRACTICA) tiene solo 2 frase(s) (minimo: 4).
  - [WARN] Bloque 59 (APLICACION_PRACTICA) tiene solo 3 frase(s) (minimo: 4).
  - [WARN] Bloque 61 (APLICACION_PRACTICA) tiene solo 3 frase(s) (minimo: 4).
  - [WARN] Bloque 63 (APLICACION_PRACTICA) tiene solo 3 frase(s) (minimo: 4).
  - [WARN] Media de palabras por intervencion demasiado baja: 43.3 (minimo: 55).
   73 bloques encontrados
   Tokens audio: no aplica (ElevenLabs usa creditos/caracteres)
Antes de generar creditos ElevenLabs restantes: desconocido (API no disponible)

Generando audio con ElevenLabs eleven_v3...
  [001] MARIA - generando... (intento 1)


--- STDERR ---

ERROR FATAL: ElevenLabs rechazó la autenticación (401).
Comprueba que ELEVENLABS_API_KEY en el fichero .env es válida y está activa.

