============================================================
EPISODIO : M14_E_Estrategia_Empresa
GUION    : C:\Users\Asus\maquinaria_pesada\Guiones\M14_Estrategia_Empresa.txt
COMANDO  : C:\Users\Asus\AppData\Local\Programs\Python\Python312\python.exe C:\Users\Asus\maquinaria_pesada\generar_episodio_v2.py --guion Guiones\M14_Estrategia_Empresa.txt --ep M14_E_Estrategia_Empresa
INICIO   : 2026-05-10 23:56:20
FIN      : 2026-05-10 23:56:22
EXIT     : 1 (FALLO)
============================================================

--- STDOUT ---

Leyendo guion: Guiones\M14_Estrategia_Empresa.txt
[WARN] Problemas de calidad detectados en el guion (no fatales):
  - [WARN] El aviso de IA no contiene ninguna frase de enganche recomendada.
  - [WARN] Bloque 6 (BLOQUE_PANORAMA) tiene solo 2 frase(s) (minimo: 4).
  - [WARN] Bloque 7 (BLOQUE_PANORAMA) tiene 11 frases (maximo: 10).
  - [WARN] Bloque 10 (BLOQUE_TEMAS_CLAVE) tiene solo 2 frase(s) (minimo: 4).
  - [WARN] Bloque 11 (BLOQUE_TEMAS_CLAVE) tiene 11 frases (maximo: 10).
  - [WARN] Bloque 13 (BLOQUE_TEMAS_CLAVE) tiene 11 frases (maximo: 10).
  - [WARN] Bloque 14 (BLOQUE_TEMAS_CLAVE) tiene solo 3 frase(s) (minimo: 4).
  - [WARN] Bloque 16 (BLOQUE_TEMAS_CLAVE) tiene solo 3 frase(s) (minimo: 4).
  - [WARN] Bloque 18 (BLOQUE_TEMAS_CLAVE) tiene solo 3 frase(s) (minimo: 4).
  - [WARN] Bloque 20 (BLOQUE_TEMAS_CLAVE) tiene solo 3 frase(s) (minimo: 4).
  - [WARN] Bloque 22 (BLOQUE_TEMAS_CLAVE) tiene solo 2 frase(s) (minimo: 4).
  - [WARN] Bloque 27 (BLOQUE_LIMITES) tiene 12 frases (maximo: 10).
  - [WARN] Bloque 32 (APLICACION_PRACTICA) tiene 11 frases (maximo: 10).
  - [WARN] Bloque 34 (APLICACION_PRACTICA) tiene solo 2 frase(s) (minimo: 4).
   44 bloques encontrados
   Tokens audio: no aplica (ElevenLabs usa creditos/caracteres)
Antes de generar creditos ElevenLabs restantes: desconocido (API no disponible)

Generando audio con ElevenLabs eleven_v3...
  [001] MARIA - generando... (intento 1)


--- STDERR ---

ERROR FATAL: ElevenLabs rechazó la autenticación (401).
Comprueba que ELEVENLABS_API_KEY en el fichero .env es válida y está activa.

