============================================================
EPISODIO : M1_E_Fundamentos_Razonamiento
GUION    : C:\Users\Asus\maquinaria_pesada\Guiones\M1_Fundamentos_Razonamiento.txt
COMANDO  : C:\Users\Asus\AppData\Local\Programs\Python\Python312\python.exe C:\Users\Asus\maquinaria_pesada\generar_episodio_v2.py --guion Guiones\M1_Fundamentos_Razonamiento.txt --ep M1_E_Fundamentos_Razonamiento
INICIO   : 2026-05-10 23:56:22
FIN      : 2026-05-10 23:56:24
EXIT     : 1 (FALLO)
============================================================

--- STDOUT ---

Leyendo guion: Guiones\M1_Fundamentos_Razonamiento.txt
[WARN] Problemas de calidad detectados en el guion (no fatales):
  - [WARN] El guion tiene 3179 palabras (maximo recomendado: 2800).
  - [WARN] Bloque 7 (BLOQUE_PANORAMA) tiene 12 frases (maximo: 10).
  - [WARN] Bloque 8 (BLOQUE_PANORAMA) tiene solo 3 frase(s) (minimo: 4).
  - [WARN] Bloque 10 (BLOQUE_PANORAMA) tiene solo 3 frase(s) (minimo: 4).
  - [WARN] Bloque 12 (BLOQUE_PANORAMA) tiene solo 2 frase(s) (minimo: 4).
  - [WARN] Bloque 13 (BLOQUE_PANORAMA) tiene solo 3 frase(s) (minimo: 4).
  - [WARN] Bloque 15 (BLOQUE_TEMAS_CLAVE) tiene solo 3 frase(s) (minimo: 4).
  - [WARN] Bloque 17 (BLOQUE_TEMAS_CLAVE) tiene solo 2 frase(s) (minimo: 4).
  - [WARN] Bloque 19 (BLOQUE_TEMAS_CLAVE) tiene solo 3 frase(s) (minimo: 4).
  - [WARN] Bloque 21 (BLOQUE_TEMAS_CLAVE) tiene solo 2 frase(s) (minimo: 4).
  - [WARN] Bloque 24 (BLOQUE_TEMAS_CLAVE) tiene solo 2 frase(s) (minimo: 4).
  - [WARN] Bloque 26 (BLOQUE_TEMAS_CLAVE) tiene solo 3 frase(s) (minimo: 4).
  - [WARN] Bloque 28 (BLOQUE_TEMAS_CLAVE) tiene solo 3 frase(s) (minimo: 4).
  - [WARN] Bloque 30 (BLOQUE_TEMAS_CLAVE) tiene solo 3 frase(s) (minimo: 4).
  - [WARN] Bloque 32 (BLOQUE_TEMAS_CLAVE) tiene solo 2 frase(s) (minimo: 4).
  - [WARN] Bloque 36 (BLOQUE_LIMITES) tiene solo 2 frase(s) (minimo: 4).
  - [WARN] Bloque 38 (BLOQUE_LIMITES) tiene solo 2 frase(s) (minimo: 4).
  - [WARN] Bloque 42 (BLOQUE_LIMITES) tiene solo 3 frase(s) (minimo: 4).
  - [WARN] Bloque 44 (BLOQUE_LIMITES) tiene solo 3 frase(s) (minimo: 4).
  - [WARN] Bloque 46 (BLOQUE_LIMITES) tiene solo 3 frase(s) (minimo: 4).
  - [WARN] Bloque 50 (APLICACION_PRACTICA) tiene solo 2 frase(s) (minimo: 4).
  - [WARN] Bloque 52 (APLICACION_PRACTICA) tiene solo 2 frase(s) (minimo: 4).
  - [WARN] Bloque 54 (APLICACION_PRACTICA) tiene solo 2 frase(s) (minimo: 4).
  - [WARN] Bloque 56 (APLICACION_PRACTICA) tiene solo 2 frase(s) (minimo: 4).
  - [WARN] Bloque 57 (APLICACION_PRACTICA) tiene solo 3 frase(s) (minimo: 4).
  - [WARN] Media de palabras por intervencion demasiado baja: 52.1 (minimo: 55).
   61 bloques encontrados
   Tokens audio: no aplica (ElevenLabs usa creditos/caracteres)
Antes de generar creditos ElevenLabs restantes: desconocido (API no disponible)

Generando audio con ElevenLabs eleven_v3...
  [001] IAGO - generando... (intento 1)


--- STDERR ---

ERROR FATAL: ElevenLabs rechazó la autenticación (401).
Comprueba que ELEVENLABS_API_KEY en el fichero .env es válida y está activa.

