============================================================
EPISODIO : M3_E_Machine_Learning_Clasico
GUION    : C:\Users\Asus\maquinaria_pesada\Guiones\M3_Machine_Learning_Clasico.txt
COMANDO  : C:\Users\Asus\AppData\Local\Programs\Python\Python312\python.exe C:\Users\Asus\maquinaria_pesada\generar_episodio_v2.py --guion Guiones\M3_Machine_Learning_Clasico.txt --ep M3_E_Machine_Learning_Clasico
INICIO   : 2026-05-10 23:56:27
FIN      : 2026-05-10 23:56:29
EXIT     : 1 (FALLO)
============================================================

--- STDOUT ---

Leyendo guion: Guiones\M3_Machine_Learning_Clasico.txt
[WARN] Problemas de calidad detectados en el guion (no fatales):
  - [WARN] El aviso de IA no contiene ninguna frase de enganche recomendada.
  - [WARN] El guion tiene 2971 palabras (maximo recomendado: 2800).
  - [WARN] Bloque 6 (BLOQUE_PANORAMA) tiene solo 2 frase(s) (minimo: 4).
  - [WARN] Bloque 8 (BLOQUE_PANORAMA) tiene solo 2 frase(s) (minimo: 4).
  - [WARN] Bloque 10 (BLOQUE_PANORAMA) tiene solo 2 frase(s) (minimo: 4).
  - [WARN] Bloque 13 (BLOQUE_TEMAS_CLAVE) tiene solo 2 frase(s) (minimo: 4).
  - [WARN] Bloque 15 (BLOQUE_TEMAS_CLAVE) tiene solo 3 frase(s) (minimo: 4).
  - [WARN] Bloque 17 (BLOQUE_TEMAS_CLAVE) tiene solo 2 frase(s) (minimo: 4).
  - [WARN] Bloque 19 (BLOQUE_TEMAS_CLAVE) tiene 11 frases (maximo: 10).
  - [WARN] Bloque 20 (BLOQUE_TEMAS_CLAVE) tiene solo 2 frase(s) (minimo: 4).
  - [WARN] Bloque 22 (BLOQUE_TEMAS_CLAVE) tiene solo 2 frase(s) (minimo: 4).
  - [WARN] Bloque 24 (BLOQUE_TEMAS_CLAVE) tiene solo 2 frase(s) (minimo: 4).
  - [WARN] Bloque 28 (BLOQUE_LIMITES) tiene solo 3 frase(s) (minimo: 4).
  - [WARN] Bloque 30 (BLOQUE_LIMITES) tiene solo 3 frase(s) (minimo: 4).
  - [WARN] Bloque 32 (BLOQUE_LIMITES) tiene solo 3 frase(s) (minimo: 4).
  - [WARN] Bloque 38 (APLICACION_PRACTICA) tiene solo 2 frase(s) (minimo: 4).
  - [WARN] Bloque 39 (APLICACION_PRACTICA) tiene 16 frases (maximo: 10).
  - [WARN] Bloque 40 (APLICACION_PRACTICA) tiene solo 2 frase(s) (minimo: 4).
  - [WARN] Bloque 42 (APLICACION_PRACTICA) tiene solo 2 frase(s) (minimo: 4).
   50 bloques encontrados
   Tokens audio: no aplica (ElevenLabs usa creditos/caracteres)
Antes de generar creditos ElevenLabs restantes: desconocido (API no disponible)

Generando audio con ElevenLabs eleven_v3...
  [001] IAGO - generando... (intento 1)


--- STDERR ---

ERROR FATAL: ElevenLabs rechazó la autenticación (401).
Comprueba que ELEVENLABS_API_KEY en el fichero .env es válida y está activa.

