============================================================
EPISODIO : M6_E_Ingenieria_Prompts
GUION    : C:\Users\Asus\maquinaria_pesada\Guiones\M6_Ingenieria_Prompts.txt
COMANDO  : C:\Users\Asus\AppData\Local\Programs\Python\Python312\python.exe C:\Users\Asus\maquinaria_pesada\generar_episodio_v2.py --guion Guiones\M6_Ingenieria_Prompts.txt --ep M6_E_Ingenieria_Prompts
INICIO   : 2026-05-10 23:56:33
FIN      : 2026-05-10 23:56:34
EXIT     : 1 (FALLO)
============================================================

--- STDOUT ---

Leyendo guion: Guiones\M6_Ingenieria_Prompts.txt
[WARN] Problemas de calidad detectados en el guion (no fatales):
  - [WARN] Bloque 6 (BLOQUE_PANORAMA) tiene solo 2 frase(s) (minimo: 4).
  - [WARN] Bloque 9 (BLOQUE_PANORAMA) tiene solo 3 frase(s) (minimo: 4).
  - [WARN] Bloque 12 (BLOQUE_TEMAS_CLAVE) tiene solo 2 frase(s) (minimo: 4).
  - [WARN] Bloque 13 (BLOQUE_TEMAS_CLAVE) tiene 11 frases (maximo: 10).
  - [WARN] Bloque 15 (BLOQUE_TEMAS_CLAVE) tiene solo 2 frase(s) (minimo: 4).
  - [WARN] Bloque 18 (BLOQUE_TEMAS_CLAVE) tiene solo 2 frase(s) (minimo: 4).
  - [WARN] Bloque 21 (BLOQUE_TEMAS_CLAVE) tiene solo 2 frase(s) (minimo: 4).
  - [WARN] Bloque 24 (BLOQUE_LIMITES) tiene solo 2 frase(s) (minimo: 4).
  - [WARN] Bloque 27 (BLOQUE_LIMITES) tiene solo 2 frase(s) (minimo: 4).
  - [WARN] Bloque 28 (BLOQUE_LIMITES) tiene 11 frases (maximo: 10).
  - [WARN] Bloque 33 (APLICACION_PRACTICA) tiene solo 2 frase(s) (minimo: 4).
  - [WARN] Bloque 36 (APLICACION_PRACTICA) tiene solo 2 frase(s) (minimo: 4).
  - [WARN] Bloque 38 (APLICACION_PRACTICA) tiene solo 2 frase(s) (minimo: 4).
   41 bloques encontrados
   Tokens audio: no aplica (ElevenLabs usa creditos/caracteres)
Antes de generar creditos ElevenLabs restantes: desconocido (API no disponible)

Generando audio con ElevenLabs eleven_v3...
  [001] MARIA - generando... (intento 1)


--- STDERR ---

ERROR FATAL: ElevenLabs rechazó la autenticación (401).
Comprueba que ELEVENLABS_API_KEY en el fichero .env es válida y está activa.

