============================================================
EPISODIO : M9_E_Infraestructura_Despliegue
GUION    : C:\Users\Asus\maquinaria_pesada\Guiones\M9_Infraestructura_Despliegue.txt
COMANDO  : C:\Users\Asus\AppData\Local\Programs\Python\Python312\python.exe C:\Users\Asus\maquinaria_pesada\generar_episodio_v2.py --guion Guiones\M9_Infraestructura_Despliegue.txt --ep M9_E_Infraestructura_Despliegue
INICIO   : 2026-05-10 23:56:39
FIN      : 2026-05-10 23:56:41
EXIT     : 1 (FALLO)
============================================================

--- STDOUT ---

Leyendo guion: Guiones\M9_Infraestructura_Despliegue.txt
[WARN] Problemas de calidad detectados en el guion (no fatales):
  - [WARN] El guion tiene 3180 palabras (maximo recomendado: 2800).
  - [WARN] Bloque 6 (BLOQUE_PANORAMA) tiene solo 2 frase(s) (minimo: 4).
  - [WARN] Bloque 8 (BLOQUE_PANORAMA) tiene solo 1 frase(s) (minimo: 4).
  - [WARN] Bloque 11 (BLOQUE_TEMAS_CLAVE) tiene solo 2 frase(s) (minimo: 4).
  - [WARN] Bloque 13 (BLOQUE_TEMAS_CLAVE) tiene solo 2 frase(s) (minimo: 4).
  - [WARN] Bloque 15 (BLOQUE_TEMAS_CLAVE) tiene solo 3 frase(s) (minimo: 4).
  - [WARN] Bloque 16 (BLOQUE_TEMAS_CLAVE) tiene solo 2 frase(s) (minimo: 4).
  - [WARN] Bloque 19 (BLOQUE_TEMAS_CLAVE) tiene solo 2 frase(s) (minimo: 4).
  - [WARN] Bloque 21 (BLOQUE_TEMAS_CLAVE) tiene solo 2 frase(s) (minimo: 4).
  - [WARN] Bloque 24 (BLOQUE_TEMAS_CLAVE) tiene solo 2 frase(s) (minimo: 4).
  - [WARN] Bloque 26 (BLOQUE_TEMAS_CLAVE) tiene solo 2 frase(s) (minimo: 4).
  - [WARN] Bloque 29 (BLOQUE_TEMAS_CLAVE) tiene solo 2 frase(s) (minimo: 4).
  - [WARN] Bloque 33 (BLOQUE_LIMITES) tiene solo 2 frase(s) (minimo: 4).
  - [WARN] Bloque 35 (BLOQUE_LIMITES) tiene solo 2 frase(s) (minimo: 4).
  - [WARN] Bloque 41 (APLICACION_PRACTICA) tiene solo 2 frase(s) (minimo: 4).
  - [WARN] Bloque 43 (APLICACION_PRACTICA) tiene solo 2 frase(s) (minimo: 4).
  - [WARN] Bloque 45 (APLICACION_PRACTICA) tiene solo 2 frase(s) (minimo: 4).
  - [WARN] Bloque 47 (APLICACION_PRACTICA) tiene solo 2 frase(s) (minimo: 4).
  - [WARN] Bloque 49 (APLICACION_PRACTICA) tiene solo 2 frase(s) (minimo: 4).
  - [WARN] Bloque 51 (APLICACION_PRACTICA) tiene solo 3 frase(s) (minimo: 4).
  - [WARN] Media de palabras por intervencion demasiado baja: 52.1 (minimo: 55).
   61 bloques encontrados
   Tokens audio: no aplica (ElevenLabs usa creditos/caracteres)
Antes de generar creditos ElevenLabs restantes: desconocido (API no disponible)

Generando audio con ElevenLabs eleven_v3...
  [001] IAGO - generando... (intento 1)


--- STDERR ---

ERROR FATAL: ElevenLabs rechazó la autenticación (401).
Comprueba que ELEVENLABS_API_KEY en el fichero .env es válida y está activa.

