Pendientes: 18
  - M10
  - M10_T5
  - M11
  - M12
  - M12_T2
  - M13
  - M14
  - M1
  - M1_T11
  - M2
  - M3
  - M3_T2
  - M4
  - M5
  - M7
  - M8
  - M8_T1
  - M9


[1/18] === M10 (M) ===
  -> OK  6.0 min  28.9 MB

[2/18] === M10_T5 (T) ===
  -> OK  3.9 min  22.8 MB

[3/18] === M11 (M) ===
  -> OK  7.3 min  34.9 MB

[4/18] === M12 (M) ===
  -> OK  5.4 min  26.2 MB

[5/18] === M12_T2 (T) ===
  -> OK  3.0 min  14.3 MB

[6/18] === M13 (M) ===
  -> OK  5.3 min  25.8 MB

[7/18] === M14 (M) ===
  -> OK  6.2 min  32.5 MB

[8/18] === M1 (M) ===
  -> OK  4.7 min  22.9 MB

[9/18] === M1_T11 (T) ===
  -> FAIL  2.0 min  0.0 MB

[10/18] === M2 (M) ===
  -> FAIL  0.0 min  0.0 MB

[11/18] === M3 (M) ===
  -> FAIL  0.0 min  0.0 MB

[12/18] === M3_T2 (T) ===
  -> FAIL  0.2 min  0.0 MB

[13/18] === M4 (M) ===
  -> FAIL  0.0 min  0.0 MB

[14/18] === M5 (M) ===
  -> FAIL  0.0 min  0.0 MB

[15/18] === M7 (M) ===
  -> FAIL  0.0 min  0.0 MB

[16/18] === M8 (M) ===
  -> FAIL  0.0 min  0.0 MB

[17/18] === M8_T1 (T) ===
  -> FAIL  0.0 min  0.0 MB

[18/18] === M9 (M) ===
  -> FAIL  0.0 min  0.0 MB

========== RESUMEN ==========
Total: 18  OK: 8  FAIL: 10
Fallaron: ['M1_T11', 'M2', 'M3', 'M3_T2', 'M4', 'M5', 'M7', 'M8', 'M8_T1', 'M9']
